info it worked if it ends with ok
verbose cli [ 'node', '/usr/bin/npm', 'start' ]
info using npm@1.1.4
info using node@v0.6.12
verbose config file /home/seed/.npmrc
verbose config file /usr/etc/npmrc
verbose config file /usr/share/npm/npmrc
verbose caching /home/seed/Documents/git/COTRAIC-SITE/package.json
verbose loadDefaults angular-phonecat@0.0.0
verbose run-script [ 'prestart', 'start', 'poststart' ]
info prestart angular-phonecat@0.0.0
verbose unsafe-perm in lifecycle true
silly exec sh "-c" "npm install"
silly spawning [ 'sh',
silly spawning   [ '-c', 'npm install' ],
silly spawning   '/home/seed/Documents/git/COTRAIC-SITE' ]
info angular-phonecat@0.0.0 Failed to exec prestart script
ERR! angular-phonecat@0.0.0 prestart: `npm install`
ERR! `sh "-c" "npm install"` failed with 1
ERR! 
ERR! Failed at the angular-phonecat@0.0.0 prestart script.
ERR! This is most likely a problem with the angular-phonecat package,
ERR! not with npm itself.
ERR! Tell the author that this fails on your system:
ERR!     npm install
ERR! You can get their info via:
ERR!     npm owner ls angular-phonecat
ERR! There is likely additional logging output above.
ERR! 
ERR! System Linux 3.5.0-37-generic
ERR! command "node" "/usr/bin/npm" "start"
ERR! cwd /home/seed/Documents/git/COTRAIC-SITE
ERR! node -v v0.6.12
ERR! npm -v 1.1.4
ERR! code ELIFECYCLE
ERR! message angular-phonecat@0.0.0 prestart: `npm install`
ERR! message `sh "-c" "npm install"` failed with 1
ERR! errno {}
verbose exit [ 1, true ]
